生成启动时间为 2020/1/19 16:33:18。
     1>项目“E:\Works\Projects\c++\test\FINAL\FINAL.vcxproj”在节点 2 上(build 个目标)。
     1>InitializeBuildStatus:
         正在创建“Debug\FINAL.unsuccessfulbuild”，因为已指定“AlwaysCreate”。
       ClCompile:
         D:\Program Files (x86)\Microsoft Visual Studio 10.0\VC\bin\CL.exe /c /ZI /nologo /W3 /WX- /Od /Oy- /D WIN32 /D _DEBUG /D _CONSOLE /D _UNICODE /D UNICODE /Gm /EHsc /RTC1 /MDd /GS /fp:precise /Zc:wchar_t /Zc:forScope /Fo"Debug\\" /Fd"Debug\vc100.pdb" /Gd /TP /analyze- /errorReport:prompt final.cpp
         final.cpp
       ManifestResourceCompile:
         所有输出均为最新。
       Link:
         D:\Program Files (x86)\Microsoft Visual Studio 10.0\VC\bin\link.exe /ERRORREPORT:PROMPT /OUT:"E:\Works\Projects\c++\test\FINAL\Debug\FINAL.exe" /INCREMENTAL /NOLOGO kernel32.lib user32.lib gdi32.lib winspool.lib comdlg32.lib advapi32.lib shell32.lib ole32.lib oleaut32.lib uuid.lib odbc32.lib odbccp32.lib /MANIFEST /ManifestFile:"Debug\FINAL.exe.intermediate.manifest" /MANIFESTUAC:"level='asInvoker' uiAccess='false'" /DEBUG /PDB:"E:\Works\Projects\c++\test\FINAL\Debug\FINAL.pdb" /SUBSYSTEM:CONSOLE /TLBID:1 /DYNAMICBASE /NXCOMPAT /IMPLIB:"E:\Works\Projects\c++\test\FINAL\Debug\FINAL.lib" /MACHINE:X86 Debug\FINAL.exe.embed.manifest.res
         Debug\final.obj
       Manifest:
         C:\Program Files (x86)\Microsoft SDKs\Windows\v7.0A\bin\mt.exe /nologo /verbose /out:"Debug\FINAL.exe.embed.manifest" /manifest Debug\FINAL.exe.intermediate.manifest
         所有输出均为最新。
       LinkEmbedManifest:
         所有输出均为最新。
         FINAL.vcxproj -> E:\Works\Projects\c++\test\FINAL\Debug\FINAL.exe
       FinalizeBuildStatus:
         正在删除文件“Debug\FINAL.unsuccessfulbuild”。
         正在对“Debug\FINAL.lastbuildstate”执行 Touch 任务。
     1>已完成生成项目“E:\Works\Projects\c++\test\FINAL\FINAL.vcxproj”(build 个目标)的操作。

生成成功。

已用时间 00:00:00.60
