d:\data\git\openglhw\hw\hw\x64\debug\vc142.pdb
d:\data\git\openglhw\hw\hw\x64\debug\vc142.idb
d:\data\git\openglhw\hw\hw\x64\debug\hw.obj
d:\data\git\openglhw\hw\hw\x64\debug\main.obj
d:\data\git\openglhw\hw\hw\x64\debug\shader.obj
d:\data\git\openglhw\hw\hw\x64\debug\camera.obj
d:\data\git\openglhw\hw\hw\x64\debug\cat.obj
d:\data\git\openglhw\hw\hw\x64\debug\block.obj
d:\data\git\openglhw\project4\hw\x64\debug\vc142.pdb
d:\data\git\openglhw\project4\hw\x64\debug\vc142.idb
d:\data\git\openglhw\project4\hw\x64\debug\shader.obj
d:\data\git\openglhw\project4\hw\x64\debug\cat.obj
d:\data\git\openglhw\project4\hw\x64\debug\camera.obj
d:\data\git\openglhw\project4\hw\x64\debug\block.obj
d:\data\git\openglhw\project4\hw\x64\debug\main.obj
d:\data\git\openglhw\hw\x64\debug\hw.exe
d:\data\git\openglhw\hw\x64\debug\hw.ilk
d:\data\git\openglhw\hw\x64\debug\hw.pdb
d:\data\git\openglhw\project4\x64\debug\hw.exe
d:\data\git\openglhw\project4\x64\debug\hw.ilk
d:\data\git\openglhw\project4\x64\debug\hw.pdb
d:\data\git\openglhw\project4\hw\x64\debug\hw.obj
d:\data\git\openglhw\project4\hw\x64\debug\hw.tlog\cl.command.1.tlog
d:\data\git\openglhw\project4\hw\x64\debug\hw.tlog\cl.read.1.tlog
d:\data\git\openglhw\project4\hw\x64\debug\hw.tlog\cl.write.1.tlog
d:\data\git\openglhw\project4\hw\x64\debug\hw.tlog\link.command.1.tlog
d:\data\git\openglhw\project4\hw\x64\debug\hw.tlog\link.read.1.tlog
d:\data\git\openglhw\project4\hw\x64\debug\hw.tlog\link.write.1.tlog
